#
# There is insufficient memory for the Java Runtime Environment to continue.
# Native memory allocation (mmap) failed to map 65536 bytes for Failed to commit metaspace.
# Possible reasons:
#   The system is out of physical RAM or swap space
#   The process is running with CompressedOops enabled, and the Java Heap may be blocking the growth of the native heap
# Possible solutions:
#   Reduce memory load on the system
#   Increase physical memory or swap space
#   Check if swap backing store is full
#   Decrease Java heap size (-Xmx/-Xms)
#   Decrease number of Java threads
#   Decrease Java thread stack sizes (-Xss)
#   Set larger code cache with -XX:ReservedCodeCacheSize=
#   JVM is running with Zero Based Compressed Oops mode in which the Java heap is
#     placed in the first 32GB address space. The Java Heap base address is the
#     maximum limit for the native heap growth. Please use -XX:HeapBaseMinAddress
#     to set the Java Heap base and to place the Java Heap above 32GB virtual address.
# This output file may be truncated or incomplete.
#
#  Out of Memory Error (virtualSpaceNode.cpp:110), pid=19892, tid=9716
#
# JRE version: OpenJDK Runtime Environment Temurin-17.0.2+8 (17.0.2+8) (build 17.0.2+8)
# Java VM: OpenJDK 64-Bit Server VM Temurin-17.0.2+8 (17.0.2+8, mixed mode, tiered, compressed oops, compressed class ptrs, g1 gc, windows-amd64)
# No core dump will be written. Minidumps are not enabled by default on client versions of Windows
#

---------------  S U M M A R Y ------------

Command Line: --module-path=C:\Divers\openjfx-18.0.2_windows-x64_bin-sdk\javafx-sdk-18.0.2\lib --add-modules=javafx.controls,javafx.fxml -Dfile.encoding=Cp1252 -XX:+ShowCodeDetailsInExceptionMessages com.cytech.Main.Main

Host: 11th Gen Intel(R) Core(TM) i5-1135G7 @ 2.40GHz, 8 cores, 15G,  Windows 10 , 64 bit Build 19041 (10.0.19041.2788)
Time: Thu Apr 27 09:28:22 2023 Romance Daylight Time elapsed time: 0.437094 seconds (0d 0h 0m 0s)

---------------  T H R E A D  ---------------

Current thread (0x000001e84658c840):  JavaThread "JavaFX Application Thread" [_thread_in_vm, id=9716, stack(0x0000006d50200000,0x0000006d50300000)]

Stack: [0x0000006d50200000,0x0000006d50300000]
Native frames: (J=compiled Java code, j=interpreted, Vv=VM code, C=native code)
V  [jvm.dll+0x67564a]
V  [jvm.dll+0x82fc04]
V  [jvm.dll+0x8313ae]
V  [jvm.dll+0x831a13]
V  [jvm.dll+0x245235]
V  [jvm.dll+0x82bbab]
V  [jvm.dll+0x61a336]
V  [jvm.dll+0x1c016e]
V  [jvm.dll+0x61cc81]
V  [jvm.dll+0x61acd6]
V  [jvm.dll+0x239c31]
V  [jvm.dll+0x1e9f60]
V  [jvm.dll+0x1ea3e5]
V  [jvm.dll+0x1eae1f]
V  [jvm.dll+0x1e02c1]
V  [jvm.dll+0x53b6e0]
V  [jvm.dll+0x7aad88]
V  [jvm.dll+0x7aae74]
V  [jvm.dll+0x40c2f5]
V  [jvm.dll+0x4124e8]
C  [java.dll+0x17ec]

Java frames: (J=compiled Java code, j=interpreted, Vv=VM code)
j  java.lang.ClassLoader.defineClass1(Ljava/lang/ClassLoader;Ljava/lang/String;[BIILjava/security/ProtectionDomain;Ljava/lang/String;)Ljava/lang/Class;+0 java.base@17.0.2
j  java.lang.ClassLoader.defineClass(Ljava/lang/String;[BIILjava/security/ProtectionDomain;)Ljava/lang/Class;+27 java.base@17.0.2
j  java.lang.ClassLoader.defineClass(Ljava/lang/String;Ljava/nio/ByteBuffer;Ljava/security/ProtectionDomain;)Ljava/lang/Class;+38 java.base@17.0.2
j  java.security.SecureClassLoader.defineClass(Ljava/lang/String;Ljava/nio/ByteBuffer;Ljava/security/CodeSource;)Ljava/lang/Class;+8 java.base@17.0.2
j  jdk.internal.loader.BuiltinClassLoader.defineClass(Ljava/lang/String;Ljdk/internal/loader/BuiltinClassLoader$LoadedModule;)Ljava/lang/Class;+127 java.base@17.0.2
J 668 c1 jdk.internal.loader.BuiltinClassLoader.loadClassOrNull(Ljava/lang/String;Z)Ljava/lang/Class; java.base@17.0.2 (143 bytes) @ 0x000001e82a8cb53c [0x000001e82a8caf40+0x00000000000005fc]
j  jdk.internal.loader.BuiltinClassLoader.loadClass(Ljava/lang/String;Z)Ljava/lang/Class;+3 java.base@17.0.2
j  jdk.internal.loader.ClassLoaders$AppClassLoader.loadClass(Ljava/lang/String;Z)Ljava/lang/Class;+36 java.base@17.0.2
J 669 c1 java.lang.ClassLoader.loadClass(Ljava/lang/String;)Ljava/lang/Class; java.base@17.0.2 (7 bytes) @ 0x000001e82a8ccfcc [0x000001e82a8ccec0+0x000000000000010c]
v  ~StubRoutines::call_stub
j  javafx.stage.Screen.<clinit>()V+11 javafx.graphics@18.0.2
v  ~StubRoutines::call_stub
j  com.sun.javafx.tk.quantum.QuantumToolkit.initSceneGraph()V+0 javafx.graphics@18.0.2
j  com.sun.javafx.tk.quantum.QuantumToolkit.runToolkit()V+91 javafx.graphics@18.0.2
j  com.sun.javafx.tk.quantum.QuantumToolkit.lambda$startup$10()V+1 javafx.graphics@18.0.2
j  com.sun.javafx.tk.quantum.QuantumToolkit$$Lambda$78+0x00000008000e74d0.run()V+4 javafx.graphics@18.0.2
j  com.sun.glass.ui.Application.lambda$run$1(Ljava/lang/Runnable;)V+4 javafx.graphics@18.0.2
j  com.sun.glass.ui.Application$$Lambda$81+0x00000008000eaa78.run()V+4 javafx.graphics@18.0.2
v  ~StubRoutines::call_stub
j  com.sun.glass.ui.win.WinApplication._runLoop(Ljava/lang/Runnable;)V+0 javafx.graphics@18.0.2
j  com.sun.glass.ui.win.WinApplication.lambda$runLoop$3(ILjava/lang/Runnable;)V+8 javafx.graphics@18.0.2
j  com.sun.glass.ui.win.WinApplication$$Lambda$85+0x00000008000eb2e8.run()V+12 javafx.graphics@18.0.2
j  java.lang.Thread.run()V+11 java.base@17.0.2
v  ~StubRoutines::call_stub

---------------  P R O C E S S  ---------------

Threads class SMR info:
_java_thread_list=0x000001e847076c00, length=17, elements={
0x000001e826b8c190, 0x000001e8460333e0, 0x000001e846034640, 0x000001e84553f5f0,
0x000001e84553ffb0, 0x000001e845544890, 0x000001e846075bb0, 0x000001e84607ef60,
0x000001e846082d60, 0x000001e846083e70, 0x000001e8461f5fd0, 0x000001e846279930,
0x000001e8462d09c0, 0x000001e846bfe6c0, 0x000001e846ca0c80, 0x000001e84677a280,
0x000001e84658c840
}

Java Threads: ( => current thread )
  0x000001e826b8c190 JavaThread "main" [_thread_blocked, id=13948, stack(0x0000006d4eb00000,0x0000006d4ec00000)]
  0x000001e8460333e0 JavaThread "Reference Handler" daemon [_thread_blocked, id=11912, stack(0x0000006d4f200000,0x0000006d4f300000)]
  0x000001e846034640 JavaThread "Finalizer" daemon [_thread_blocked, id=14412, stack(0x0000006d4f300000,0x0000006d4f400000)]
  0x000001e84553f5f0 JavaThread "Signal Dispatcher" daemon [_thread_blocked, id=10252, stack(0x0000006d4f400000,0x0000006d4f500000)]
  0x000001e84553ffb0 JavaThread "Attach Listener" daemon [_thread_blocked, id=3356, stack(0x0000006d4f500000,0x0000006d4f600000)]
  0x000001e845544890 JavaThread "Service Thread" daemon [_thread_blocked, id=11932, stack(0x0000006d4f600000,0x0000006d4f700000)]
  0x000001e846075bb0 JavaThread "Monitor Deflation Thread" daemon [_thread_blocked, id=8740, stack(0x0000006d4f700000,0x0000006d4f800000)]
  0x000001e84607ef60 JavaThread "C2 CompilerThread0" daemon [_thread_blocked, id=18216, stack(0x0000006d4f800000,0x0000006d4f900000)]
  0x000001e846082d60 JavaThread "C1 CompilerThread0" daemon [_thread_blocked, id=18320, stack(0x0000006d4f900000,0x0000006d4fa00000)]
  0x000001e846083e70 JavaThread "Sweeper thread" daemon [_thread_blocked, id=12588, stack(0x0000006d4fa00000,0x0000006d4fb00000)]
  0x000001e8461f5fd0 JavaThread "Common-Cleaner" daemon [_thread_blocked, id=5980, stack(0x0000006d4fb00000,0x0000006d4fc00000)]
  0x000001e846279930 JavaThread "C2 CompilerThread1" daemon [_thread_blocked, id=9532, stack(0x0000006d4fc00000,0x0000006d4fd00000)]
  0x000001e8462d09c0 JavaThread "C2 CompilerThread2" daemon [_thread_blocked, id=11736, stack(0x0000006d4fd00000,0x0000006d4fe00000)]
  0x000001e846bfe6c0 JavaThread "Notification Thread" daemon [_thread_blocked, id=7060, stack(0x0000006d4fe00000,0x0000006d4ff00000)]
  0x000001e846ca0c80 JavaThread "QuantumRenderer-0" daemon [_thread_blocked, id=14068, stack(0x0000006d50000000,0x0000006d50100000)]
  0x000001e84677a280 JavaThread "InvokeLaterDispatcher" daemon [_thread_blocked, id=19812, stack(0x0000006d50100000,0x0000006d50200000)]
=>0x000001e84658c840 JavaThread "JavaFX Application Thread" [_thread_in_vm, id=9716, stack(0x0000006d50200000,0x0000006d50300000)]

Other Threads:
  0x000001e846020440 VMThread "VM Thread" [stack: 0x0000006d4f100000,0x0000006d4f200000] [id=12184]
  0x000001e826bf4820 WatcherThread [stack: 0x0000006d4ff00000,0x0000006d50000000] [id=16276]
  0x000001e826bdbd50 GCTaskThread "GC Thread#0" [stack: 0x0000006d4ec00000,0x0000006d4ed00000] [id=20416]
  0x000001e826bec6b0 ConcurrentGCThread "G1 Main Marker" [stack: 0x0000006d4ed00000,0x0000006d4ee00000] [id=8256]
  0x000001e826bee780 ConcurrentGCThread "G1 Conc#0" [stack: 0x0000006d4ee00000,0x0000006d4ef00000] [id=15180]
  0x000001e8453b20c0 ConcurrentGCThread "G1 Refine#0" [stack: 0x0000006d4ef00000,0x0000006d4f000000] [id=18756]
  0x000001e8453b29f0 ConcurrentGCThread "G1 Service" [stack: 0x0000006d4f000000,0x0000006d4f100000] [id=19412]

Threads with active compile tasks:

VM state: not at safepoint (normal execution)

VM Mutex/Monitor currently owned by a thread:  ([mutex/lock_event])
[0x000001e826b85bc0] Metaspace_lock - owner thread: 0x000001e84658c840

Heap address: 0x0000000704e00000, size: 4018 MB, Compressed Oops mode: Zero based, Oop shift amount: 3

CDS archive(s) not mapped
Compressed class space mapped at: 0x0000000800000000-0x0000000840000000, reserved size: 1073741824
Narrow klass base: 0x0000000800000000, Narrow klass shift: 0, Narrow klass range: 0x40000000

GC Precious Log:
 CPUs: 8 total, 8 available
 Memory: 16064M
 Large Page Support: Disabled
 NUMA Support: Disabled
 Compressed Oops: Enabled (Zero based)
 Heap Region Size: 2M
 Heap Min Capacity: 8M
 Heap Initial Capacity: 252M
 Heap Max Capacity: 4018M
 Pre-touch: Disabled
 Parallel Workers: 8
 Concurrent Workers: 2
 Concurrent Refinement Workers: 8
 Periodic GC: Disabled

Heap:
 garbage-first heap   total 258048K, used 10240K [0x0000000704e00000, 0x0000000800000000)
  region size 2048K, 7 young (14336K), 0 survivors (0K)
 Metaspace       used 8938K, committed 9024K, reserved 1064960K
  class space    used 849K, committed 896K, reserved 1048576K

Heap Regions: E=young(eden), S=young(survivor), O=old, HS=humongous(starts), HC=humongous(continues), CS=collection set, F=free, OA=open archive, CA=closed archive, TAMS=top-at-mark-start (previous, next)
|   0|0x0000000704e00000, 0x0000000704e00000, 0x0000000705000000|  0%| F|  |TAMS 0x0000000704e00000, 0x0000000704e00000| Untracked 
|   1|0x0000000705000000, 0x0000000705000000, 0x0000000705200000|  0%| F|  |TAMS 0x0000000705000000, 0x0000000705000000| Untracked 
|   2|0x0000000705200000, 0x0000000705200000, 0x0000000705400000|  0%| F|  |TAMS 0x0000000705200000, 0x0000000705200000| Untracked 
|   3|0x0000000705400000, 0x0000000705400000, 0x0000000705600000|  0%| F|  |TAMS 0x0000000705400000, 0x0000000705400000| Untracked 
|   4|0x0000000705600000, 0x0000000705600000, 0x0000000705800000|  0%| F|  |TAMS 0x0000000705600000, 0x0000000705600000| Untracked 
|   5|0x0000000705800000, 0x0000000705800000, 0x0000000705a00000|  0%| F|  |TAMS 0x0000000705800000, 0x0000000705800000| Untracked 
|   6|0x0000000705a00000, 0x0000000705a00000, 0x0000000705c00000|  0%| F|  |TAMS 0x0000000705a00000, 0x0000000705a00000| Untracked 
|   7|0x0000000705c00000, 0x0000000705c00000, 0x0000000705e00000|  0%| F|  |TAMS 0x0000000705c00000, 0x0000000705c00000| Untracked 
|   8|0x0000000705e00000, 0x0000000705e00000, 0x0000000706000000|  0%| F|  |TAMS 0x0000000705e00000, 0x0000000705e00000| Untracked 
|   9|0x0000000706000000, 0x0000000706000000, 0x0000000706200000|  0%| F|  |TAMS 0x0000000706000000, 0x0000000706000000| Untracked 
|  10|0x0000000706200000, 0x0000000706200000, 0x0000000706400000|  0%| F|  |TAMS 0x0000000706200000, 0x0000000706200000| Untracked 
|  11|0x0000000706400000, 0x0000000706400000, 0x0000000706600000|  0%| F|  |TAMS 0x0000000706400000, 0x0000000706400000| Untracked 
|  12|0x0000000706600000, 0x0000000706600000, 0x0000000706800000|  0%| F|  |TAMS 0x0000000706600000, 0x0000000706600000| Untracked 
|  13|0x0000000706800000, 0x0000000706800000, 0x0000000706a00000|  0%| F|  |TAMS 0x0000000706800000, 0x0000000706800000| Untracked 
|  14|0x0000000706a00000, 0x0000000706a00000, 0x0000000706c00000|  0%| F|  |TAMS 0x0000000706a00000, 0x0000000706a00000| Untracked 
|  15|0x0000000706c00000, 0x0000000706c00000, 0x0000000706e00000|  0%| F|  |TAMS 0x0000000706c00000, 0x0000000706c00000| Untracked 
|  16|0x0000000706e00000, 0x0000000706e00000, 0x0000000707000000|  0%| F|  |TAMS 0x0000000706e00000, 0x0000000706e00000| Untracked 
|  17|0x0000000707000000, 0x0000000707000000, 0x0000000707200000|  0%| F|  |TAMS 0x0000000707000000, 0x0000000707000000| Untracked 
|  18|0x0000000707200000, 0x0000000707200000, 0x0000000707400000|  0%| F|  |TAMS 0x0000000707200000, 0x0000000707200000| Untracked 
|  19|0x0000000707400000, 0x0000000707400000, 0x0000000707600000|  0%| F|  |TAMS 0x0000000707400000, 0x0000000707400000| Untracked 
|  20|0x0000000707600000, 0x0000000707600000, 0x0000000707800000|  0%| F|  |TAMS 0x0000000707600000, 0x0000000707600000| Untracked 
|  21|0x0000000707800000, 0x0000000707800000, 0x0000000707a00000|  0%| F|  |TAMS 0x0000000707800000, 0x0000000707800000| Untracked 
|  22|0x0000000707a00000, 0x0000000707a00000, 0x0000000707c00000|  0%| F|  |TAMS 0x0000000707a00000, 0x0000000707a00000| Untracked 
|  23|0x0000000707c00000, 0x0000000707c00000, 0x0000000707e00000|  0%| F|  |TAMS 0x0000000707c00000, 0x0000000707c00000| Untracked 
|  24|0x0000000707e00000, 0x0000000707e00000, 0x0000000708000000|  0%| F|  |TAMS 0x0000000707e00000, 0x0000000707e00000| Untracked 
|  25|0x0000000708000000, 0x0000000708000000, 0x0000000708200000|  0%| F|  |TAMS 0x0000000708000000, 0x0000000708000000| Untracked 
|  26|0x0000000708200000, 0x0000000708200000, 0x0000000708400000|  0%| F|  |TAMS 0x0000000708200000, 0x0000000708200000| Untracked 
|  27|0x0000000708400000, 0x0000000708400000, 0x0000000708600000|  0%| F|  |TAMS 0x0000000708400000, 0x0000000708400000| Untracked 
|  28|0x0000000708600000, 0x0000000708600000, 0x0000000708800000|  0%| F|  |TAMS 0x0000000708600000, 0x0000000708600000| Untracked 
|  29|0x0000000708800000, 0x0000000708800000, 0x0000000708a00000|  0%| F|  |TAMS 0x0000000708800000, 0x0000000708800000| Untracked 
|  30|0x0000000708a00000, 0x0000000708a00000, 0x0000000708c00000|  0%| F|  |TAMS 0x0000000708a00000, 0x0000000708a00000| Untracked 
|  31|0x0000000708c00000, 0x0000000708c00000, 0x0000000708e00000|  0%| F|  |TAMS 0x0000000708c00000, 0x0000000708c00000| Untracked 
|  32|0x0000000708e00000, 0x0000000708e00000, 0x0000000709000000|  0%| F|  |TAMS 0x0000000708e00000, 0x0000000708e00000| Untracked 
|  33|0x0000000709000000, 0x0000000709000000, 0x0000000709200000|  0%| F|  |TAMS 0x0000000709000000, 0x0000000709000000| Untracked 
|  34|0x0000000709200000, 0x0000000709200000, 0x0000000709400000|  0%| F|  |TAMS 0x0000000709200000, 0x0000000709200000| Untracked 
|  35|0x0000000709400000, 0x0000000709400000, 0x0000000709600000|  0%| F|  |TAMS 0x0000000709400000, 0x0000000709400000| Untracked 
|  36|0x0000000709600000, 0x0000000709600000, 0x0000000709800000|  0%| F|  |TAMS 0x0000000709600000, 0x0000000709600000| Untracked 
|  37|0x0000000709800000, 0x0000000709800000, 0x0000000709a00000|  0%| F|  |TAMS 0x0000000709800000, 0x0000000709800000| Untracked 
|  38|0x0000000709a00000, 0x0000000709a00000, 0x0000000709c00000|  0%| F|  |TAMS 0x0000000709a00000, 0x0000000709a00000| Untracked 
|  39|0x0000000709c00000, 0x0000000709c00000, 0x0000000709e00000|  0%| F|  |TAMS 0x0000000709c00000, 0x0000000709c00000| Untracked 
|  40|0x0000000709e00000, 0x0000000709e00000, 0x000000070a000000|  0%| F|  |TAMS 0x0000000709e00000, 0x0000000709e00000| Untracked 
|  41|0x000000070a000000, 0x000000070a000000, 0x000000070a200000|  0%| F|  |TAMS 0x000000070a000000, 0x000000070a000000| Untracked 
|  42|0x000000070a200000, 0x000000070a200000, 0x000000070a400000|  0%| F|  |TAMS 0x000000070a200000, 0x000000070a200000| Untracked 
|  43|0x000000070a400000, 0x000000070a400000, 0x000000070a600000|  0%| F|  |TAMS 0x000000070a400000, 0x000000070a400000| Untracked 
|  44|0x000000070a600000, 0x000000070a600000, 0x000000070a800000|  0%| F|  |TAMS 0x000000070a600000, 0x000000070a600000| Untracked 
|  45|0x000000070a800000, 0x000000070a800000, 0x000000070aa00000|  0%| F|  |TAMS 0x000000070a800000, 0x000000070a800000| Untracked 
|  46|0x000000070aa00000, 0x000000070aa00000, 0x000000070ac00000|  0%| F|  |TAMS 0x000000070aa00000, 0x000000070aa00000| Untracked 
|  47|0x000000070ac00000, 0x000000070ac00000, 0x000000070ae00000|  0%| F|  |TAMS 0x000000070ac00000, 0x000000070ac00000| Untracked 
|  48|0x000000070ae00000, 0x000000070ae00000, 0x000000070b000000|  0%| F|  |TAMS 0x000000070ae00000, 0x000000070ae00000| Untracked 
|  49|0x000000070b000000, 0x000000070b000000, 0x000000070b200000|  0%| F|  |TAMS 0x000000070b000000, 0x000000070b000000| Untracked 
|  50|0x000000070b200000, 0x000000070b200000, 0x000000070b400000|  0%| F|  |TAMS 0x000000070b200000, 0x000000070b200000| Untracked 
|  51|0x000000070b400000, 0x000000070b400000, 0x000000070b600000|  0%| F|  |TAMS 0x000000070b400000, 0x000000070b400000| Untracked 
|  52|0x000000070b600000, 0x000000070b600000, 0x000000070b800000|  0%| F|  |TAMS 0x000000070b600000, 0x000000070b600000| Untracked 
|  53|0x000000070b800000, 0x000000070b800000, 0x000000070ba00000|  0%| F|  |TAMS 0x000000070b800000, 0x000000070b800000| Untracked 
|  54|0x000000070ba00000, 0x000000070ba00000, 0x000000070bc00000|  0%| F|  |TAMS 0x000000070ba00000, 0x000000070ba00000| Untracked 
|  55|0x000000070bc00000, 0x000000070bc00000, 0x000000070be00000|  0%| F|  |TAMS 0x000000070bc00000, 0x000000070bc00000| Untracked 
|  56|0x000000070be00000, 0x000000070be00000, 0x000000070c000000|  0%| F|  |TAMS 0x000000070be00000, 0x000000070be00000| Untracked 
|  57|0x000000070c000000, 0x000000070c000000, 0x000000070c200000|  0%| F|  |TAMS 0x000000070c000000, 0x000000070c000000| Untracked 
|  58|0x000000070c200000, 0x000000070c200000, 0x000000070c400000|  0%| F|  |TAMS 0x000000070c200000, 0x000000070c200000| Untracked 
|  59|0x000000070c400000, 0x000000070c400000, 0x000000070c600000|  0%| F|  |TAMS 0x000000070c400000, 0x000000070c400000| Untracked 
|  60|0x000000070c600000, 0x000000070c600000, 0x000000070c800000|  0%| F|  |TAMS 0x000000070c600000, 0x000000070c600000| Untracked 
|  61|0x000000070c800000, 0x000000070c800000, 0x000000070ca00000|  0%| F|  |TAMS 0x000000070c800000, 0x000000070c800000| Untracked 
|  62|0x000000070ca00000, 0x000000070ca00000, 0x000000070cc00000|  0%| F|  |TAMS 0x000000070ca00000, 0x000000070ca00000| Untracked 
|  63|0x000000070cc00000, 0x000000070cc00000, 0x000000070ce00000|  0%| F|  |TAMS 0x000000070cc00000, 0x000000070cc00000| Untracked 
|  64|0x000000070ce00000, 0x000000070ce00000, 0x000000070d000000|  0%| F|  |TAMS 0x000000070ce00000, 0x000000070ce00000| Untracked 
|  65|0x000000070d000000, 0x000000070d000000, 0x000000070d200000|  0%| F|  |TAMS 0x000000070d000000, 0x000000070d000000| Untracked 
|  66|0x000000070d200000, 0x000000070d200000, 0x000000070d400000|  0%| F|  |TAMS 0x000000070d200000, 0x000000070d200000| Untracked 
|  67|0x000000070d400000, 0x000000070d400000, 0x000000070d600000|  0%| F|  |TAMS 0x000000070d400000, 0x000000070d400000| Untracked 
|  68|0x000000070d600000, 0x000000070d600000, 0x000000070d800000|  0%| F|  |TAMS 0x000000070d600000, 0x000000070d600000| Untracked 
|  69|0x000000070d800000, 0x000000070d800000, 0x000000070da00000|  0%| F|  |TAMS 0x000000070d800000, 0x000000070d800000| Untracked 
|  70|0x000000070da00000, 0x000000070da00000, 0x000000070dc00000|  0%| F|  |TAMS 0x000000070da00000, 0x000000070da00000| Untracked 
|  71|0x000000070dc00000, 0x000000070dc00000, 0x000000070de00000|  0%| F|  |TAMS 0x000000070dc00000, 0x000000070dc00000| Untracked 
|  72|0x000000070de00000, 0x000000070de00000, 0x000000070e000000|  0%| F|  |TAMS 0x000000070de00000, 0x000000070de00000| Untracked 
|  73|0x000000070e000000, 0x000000070e000000, 0x000000070e200000|  0%| F|  |TAMS 0x000000070e000000, 0x000000070e000000| Untracked 
|  74|0x000000070e200000, 0x000000070e200000, 0x000000070e400000|  0%| F|  |TAMS 0x000000070e200000, 0x000000070e200000| Untracked 
|  75|0x000000070e400000, 0x000000070e400000, 0x000000070e600000|  0%| F|  |TAMS 0x000000070e400000, 0x000000070e400000| Untracked 
|  76|0x000000070e600000, 0x000000070e600000, 0x000000070e800000|  0%| F|  |TAMS 0x000000070e600000, 0x000000070e600000| Untracked 
|  77|0x000000070e800000, 0x000000070e800000, 0x000000070ea00000|  0%| F|  |TAMS 0x000000070e800000, 0x000000070e800000| Untracked 
|  78|0x000000070ea00000, 0x000000070ea00000, 0x000000070ec00000|  0%| F|  |TAMS 0x000000070ea00000, 0x000000070ea00000| Untracked 
|  79|0x000000070ec00000, 0x000000070ec00000, 0x000000070ee00000|  0%| F|  |TAMS 0x000000070ec00000, 0x000000070ec00000| Untracked 
|  80|0x000000070ee00000, 0x000000070ee00000, 0x000000070f000000|  0%| F|  |TAMS 0x000000070ee00000, 0x000000070ee00000| Untracked 
|  81|0x000000070f000000, 0x000000070f000000, 0x000000070f200000|  0%| F|  |TAMS 0x000000070f000000, 0x000000070f000000| Untracked 
|  82|0x000000070f200000, 0x000000070f200000, 0x000000070f400000|  0%| F|  |TAMS 0x000000070f200000, 0x000000070f200000| Untracked 
|  83|0x000000070f400000, 0x000000070f400000, 0x000000070f600000|  0%| F|  |TAMS 0x000000070f400000, 0x000000070f400000| Untracked 
|  84|0x000000070f600000, 0x000000070f600000, 0x000000070f800000|  0%| F|  |TAMS 0x000000070f600000, 0x000000070f600000| Untracked 
|  85|0x000000070f800000, 0x000000070f800000, 0x000000070fa00000|  0%| F|  |TAMS 0x000000070f800000, 0x000000070f800000| Untracked 
|  86|0x000000070fa00000, 0x000000070fa00000, 0x000000070fc00000|  0%| F|  |TAMS 0x000000070fa00000, 0x000000070fa00000| Untracked 
|  87|0x000000070fc00000, 0x000000070fc00000, 0x000000070fe00000|  0%| F|  |TAMS 0x000000070fc00000, 0x000000070fc00000| Untracked 
|  88|0x000000070fe00000, 0x000000070fe00000, 0x0000000710000000|  0%| F|  |TAMS 0x000000070fe00000, 0x000000070fe00000| Untracked 
|  89|0x0000000710000000, 0x0000000710000000, 0x0000000710200000|  0%| F|  |TAMS 0x0000000710000000, 0x0000000710000000| Untracked 
|  90|0x0000000710200000, 0x0000000710200000, 0x0000000710400000|  0%| F|  |TAMS 0x0000000710200000, 0x0000000710200000| Untracked 
|  91|0x0000000710400000, 0x0000000710400000, 0x0000000710600000|  0%| F|  |TAMS 0x0000000710400000, 0x0000000710400000| Untracked 
|  92|0x0000000710600000, 0x0000000710600000, 0x0000000710800000|  0%| F|  |TAMS 0x0000000710600000, 0x0000000710600000| Untracked 
|  93|0x0000000710800000, 0x0000000710800000, 0x0000000710a00000|  0%| F|  |TAMS 0x0000000710800000, 0x0000000710800000| Untracked 
|  94|0x0000000710a00000, 0x0000000710a00000, 0x0000000710c00000|  0%| F|  |TAMS 0x0000000710a00000, 0x0000000710a00000| Untracked 
|  95|0x0000000710c00000, 0x0000000710c00000, 0x0000000710e00000|  0%| F|  |TAMS 0x0000000710c00000, 0x0000000710c00000| Untracked 
|  96|0x0000000710e00000, 0x0000000710e00000, 0x0000000711000000|  0%| F|  |TAMS 0x0000000710e00000, 0x0000000710e00000| Untracked 
|  97|0x0000000711000000, 0x0000000711000000, 0x0000000711200000|  0%| F|  |TAMS 0x0000000711000000, 0x0000000711000000| Untracked 
|  98|0x0000000711200000, 0x0000000711200000, 0x0000000711400000|  0%| F|  |TAMS 0x0000000711200000, 0x0000000711200000| Untracked 
|  99|0x0000000711400000, 0x0000000711400000, 0x0000000711600000|  0%| F|  |TAMS 0x0000000711400000, 0x0000000711400000| Untracked 
| 100|0x0000000711600000, 0x0000000711600000, 0x0000000711800000|  0%| F|  |TAMS 0x0000000711600000, 0x0000000711600000| Untracked 
| 101|0x0000000711800000, 0x0000000711800000, 0x0000000711a00000|  0%| F|  |TAMS 0x0000000711800000, 0x0000000711800000| Untracked 
| 102|0x0000000711a00000, 0x0000000711a00000, 0x0000000711c00000|  0%| F|  |TAMS 0x0000000711a00000, 0x0000000711a00000| Untracked 
| 103|0x0000000711c00000, 0x0000000711c00000, 0x0000000711e00000|  0%| F|  |TAMS 0x0000000711c00000, 0x0000000711c00000| Untracked 
| 104|0x0000000711e00000, 0x0000000711e00000, 0x0000000712000000|  0%| F|  |TAMS 0x0000000711e00000, 0x0000000711e00000| Untracked 
| 105|0x0000000712000000, 0x0000000712000000, 0x0000000712200000|  0%| F|  |TAMS 0x0000000712000000, 0x0000000712000000| Untracked 
| 106|0x0000000712200000, 0x0000000712200000, 0x0000000712400000|  0%| F|  |TAMS 0x0000000712200000, 0x0000000712200000| Untracked 
| 107|0x0000000712400000, 0x0000000712400000, 0x0000000712600000|  0%| F|  |TAMS 0x0000000712400000, 0x0000000712400000| Untracked 
| 108|0x0000000712600000, 0x0000000712600000, 0x0000000712800000|  0%| F|  |TAMS 0x0000000712600000, 0x0000000712600000| Untracked 
| 109|0x0000000712800000, 0x0000000712800000, 0x0000000712a00000|  0%| F|  |TAMS 0x0000000712800000, 0x0000000712800000| Untracked 
| 110|0x0000000712a00000, 0x0000000712a00000, 0x0000000712c00000|  0%| F|  |TAMS 0x0000000712a00000, 0x0000000712a00000| Untracked 
| 111|0x0000000712c00000, 0x0000000712c00000, 0x0000000712e00000|  0%| F|  |TAMS 0x0000000712c00000, 0x0000000712c00000| Untracked 
| 112|0x0000000712e00000, 0x0000000712e00000, 0x0000000713000000|  0%| F|  |TAMS 0x0000000712e00000, 0x0000000712e00000| Untracked 
| 113|0x0000000713000000, 0x0000000713000000, 0x0000000713200000|  0%| F|  |TAMS 0x0000000713000000, 0x0000000713000000| Untracked 
| 114|0x0000000713200000, 0x0000000713200000, 0x0000000713400000|  0%| F|  |TAMS 0x0000000713200000, 0x0000000713200000| Untracked 
| 115|0x0000000713400000, 0x0000000713400000, 0x0000000713600000|  0%| F|  |TAMS 0x0000000713400000, 0x0000000713400000| Untracked 
| 116|0x0000000713600000, 0x0000000713600000, 0x0000000713800000|  0%| F|  |TAMS 0x0000000713600000, 0x0000000713600000| Untracked 
| 117|0x0000000713800000, 0x0000000713800000, 0x0000000713a00000|  0%| F|  |TAMS 0x0000000713800000, 0x0000000713800000| Untracked 
| 118|0x0000000713a00000, 0x0000000713a00000, 0x0000000713c00000|  0%| F|  |TAMS 0x0000000713a00000, 0x0000000713a00000| Untracked 
| 119|0x0000000713c00000, 0x0000000713dc49c8, 0x0000000713e00000| 88%| E|  |TAMS 0x0000000713c00000, 0x0000000713c00000| Complete 
| 120|0x0000000713e00000, 0x0000000714000000, 0x0000000714000000|100%| E|CS|TAMS 0x0000000713e00000, 0x0000000713e00000| Complete 
| 121|0x0000000714000000, 0x0000000714200000, 0x0000000714200000|100%| E|CS|TAMS 0x0000000714000000, 0x0000000714000000| Complete 
| 122|0x0000000714200000, 0x0000000714400000, 0x0000000714400000|100%| E|CS|TAMS 0x0000000714200000, 0x0000000714200000| Complete 
| 123|0x0000000714400000, 0x0000000714600000, 0x0000000714600000|100%| E|CS|TAMS 0x0000000714400000, 0x0000000714400000| Complete 
| 124|0x0000000714600000, 0x0000000714800000, 0x0000000714800000|100%| E|  |TAMS 0x0000000714600000, 0x0000000714600000| Complete 
| 125|0x0000000714800000, 0x0000000714a00000, 0x0000000714a00000|100%| E|CS|TAMS 0x0000000714800000, 0x0000000714800000| Complete 

Card table byte_map: [0x000001e839d60000,0x000001e83a540000] _byte_map_base: 0x000001e836539000

Marking Bits (Prev, Next): (CMBitMap*) 0x000001e826bdc270, (CMBitMap*) 0x000001e826bdc2b0
 Prev Bits: [0x000001e83ad20000, 0x000001e83ebe8000)
 Next Bits: [0x000001e83ebf0000, 0x000001e842ab8000)

Polling page: 0x000001e824b10000

Metaspace:

Usage:
  Non-class:      7.90 MB used.
      Class:    849.15 KB used.
       Both:      8.73 MB used.

Virtual space:
  Non-class space:       16.00 MB reserved,       7.94 MB ( 50%) committed,  2 nodes.
      Class space:        1.00 GB reserved,     896.00 KB ( <1%) committed,  1 nodes.
             Both:        1.02 GB reserved,       8.81 MB ( <1%) committed. 

Chunk freelists:
   Non-Class:  3.92 MB
       Class:  3.06 MB
        Both:  6.98 MB

MaxMetaspaceSize: unlimited
CompressedClassSpaceSize: 1.00 GB
Initial GC threshold: 21.00 MB
Current GC threshold: 21.00 MB
CDS: off
MetaspaceReclaimPolicy: balanced
 - commit_granule_bytes: 65536.
 - commit_granule_words: 8192.
 - virtual_space_node_default_size: 1048576.
 - enlarge_chunks_in_place: 1.
 - new_chunks_are_fully_committed: 0.
 - uncommit_free_chunks: 1.
 - use_allocation_guard: 0.
 - handle_deallocations: 1.


Internal statistics:

num_allocs_failed_limit: 0.
num_arena_births: 76.
num_arena_deaths: 0.
num_vsnodes_births: 3.
num_vsnodes_deaths: 0.
num_space_committed: 141.
num_space_uncommitted: 0.
num_chunks_returned_to_freelist: 0.
num_chunks_taken_from_freelist: 159.
num_chunk_merges: 0.
num_chunk_splits: 96.
num_chunks_enlarged: 68.
num_purges: 0.
num_inconsistent_stats: 0.

CodeHeap 'non-profiled nmethods': size=120000Kb used=284Kb max_used=284Kb free=119715Kb
 bounds [0x000001e831d20000, 0x000001e831f90000, 0x000001e839250000]
CodeHeap 'profiled nmethods': size=120000Kb used=934Kb max_used=934Kb free=119065Kb
 bounds [0x000001e82a7f0000, 0x000001e82aa60000, 0x000001e831d20000]
CodeHeap 'non-nmethods': size=5760Kb used=1161Kb max_used=1194Kb free=4598Kb
 bounds [0x000001e82a250000, 0x000001e82a4c0000, 0x000001e82a7f0000]
 total_blobs=1136 nmethods=696 adapters=353
 compilation: enabled
              stopped_count=0, restarted_count=0
 full_count=0

Compilation events (20 events):
Event: 0.414 Thread 0x000001e846082d60  684       3       java.util.concurrent.ConcurrentHashMap$BaseIterator::hasNext (13 bytes)
Event: 0.414 Thread 0x000001e846082d60 nmethod 684 0x000001e82a8d3410 code [0x000001e82a8d35a0, 0x000001e82a8d3718]
Event: 0.415 Thread 0x000001e846082d60  685       3       java.util.concurrent.ConcurrentHashMap$ValueIterator::next (34 bytes)
Event: 0.415 Thread 0x000001e846082d60 nmethod 685 0x000001e82a8d3790 code [0x000001e82a8d3940, 0x000001e82a8d3bb8]
Event: 0.415 Thread 0x000001e846082d60  686       3       java.lang.invoke.MethodHandles$Lookup::hasFullPrivilegeAccess (18 bytes)
Event: 0.415 Thread 0x000001e846082d60 nmethod 686 0x000001e82a8d3d10 code [0x000001e82a8d3ea0, 0x000001e82a8d4018]
Event: 0.415 Thread 0x000001e846082d60  687       3       java.util.ImmutableCollections$AbstractImmutableSet::<init> (5 bytes)
Event: 0.415 Thread 0x000001e846082d60 nmethod 687 0x000001e82a8d4090 code [0x000001e82a8d4240, 0x000001e82a8d4478]
Event: 0.418 Thread 0x000001e846082d60  690       3       java.util.WeakHashMap::remove (131 bytes)
Event: 0.418 Thread 0x000001e846082d60 nmethod 690 0x000001e82a8d4590 code [0x000001e82a8d47e0, 0x000001e82a8d5378]
Event: 0.418 Thread 0x000001e846082d60  691       3       java.lang.StringConcatHelper::initialCoder (14 bytes)
Event: 0.418 Thread 0x000001e846082d60 nmethod 691 0x000001e82a8d5790 code [0x000001e82a8d5920, 0x000001e82a8d5a38]
Event: 0.418 Thread 0x000001e846082d60  692       3       java.lang.StringConcatHelper::simpleConcat (94 bytes)
Event: 0.419 Thread 0x000001e846279930  694       4       java.util.zip.ZipFile::ensureOpen (40 bytes)
Event: 0.419 Thread 0x000001e846279930 nmethod 694 0x000001e831d66a10 code [0x000001e831d66b80, 0x000001e831d66c38]
Event: 0.419 Thread 0x000001e846082d60 nmethod 692 0x000001e82a8d5a90 code [0x000001e82a8d5dc0, 0x000001e82a8d71f8]
Event: 0.419 Thread 0x000001e846082d60  693       3       java.lang.String::concat (15 bytes)
Event: 0.420 Thread 0x000001e846082d60 nmethod 693 0x000001e82a8d7910 code [0x000001e82a8d7c40, 0x000001e82a8d90d8]
Event: 0.420 Thread 0x000001e846082d60  695       3       jdk.internal.loader.NativeLibraries$NativeLibraryImpl::find (6 bytes)
Event: 0.420 Thread 0x000001e846082d60 nmethod 695 0x000001e82a8d9810 code [0x000001e82a8d99a0, 0x000001e82a8d9ac8]

GC Heap History (0 events):
No events

Deoptimization events (20 events):
Event: 0.207 Thread 0x000001e826b8c190 Uncommon trap: trap_request=0xffffff45 fr.pc=0x000001e831d47024 relative=0x0000000000000184
Event: 0.207 Thread 0x000001e826b8c190 Uncommon trap: reason=unstable_if action=reinterpret pc=0x000001e831d47024 method=java.lang.String.startsWith(Ljava/lang/String;I)Z @ 14 c2
Event: 0.207 Thread 0x000001e826b8c190 DEOPT PACKING pc=0x000001e831d47024 sp=0x0000006d4ebfc7c0
Event: 0.207 Thread 0x000001e826b8c190 DEOPT UNPACKING pc=0x000001e82a2a5c23 sp=0x0000006d4ebfc738 mode 2
Event: 0.376 Thread 0x000001e826b8c190 Uncommon trap: trap_request=0xffffffde fr.pc=0x000001e831d3baa4 relative=0x0000000000000c24
Event: 0.376 Thread 0x000001e826b8c190 Uncommon trap: reason=class_check action=maybe_recompile pc=0x000001e831d3baa4 method=java.util.HashMap.putVal(ILjava/lang/Object;Ljava/lang/Object;ZZ)Ljava/lang/Object; @ 56 c2
Event: 0.376 Thread 0x000001e826b8c190 DEOPT PACKING pc=0x000001e831d3baa4 sp=0x0000006d4ebfd180
Event: 0.376 Thread 0x000001e826b8c190 DEOPT UNPACKING pc=0x000001e82a2a5c23 sp=0x0000006d4ebfd0f8 mode 2
Event: 0.376 Thread 0x000001e826b8c190 Uncommon trap: trap_request=0xffffffde fr.pc=0x000001e831d3baa4 relative=0x0000000000000c24
Event: 0.376 Thread 0x000001e826b8c190 Uncommon trap: reason=class_check action=maybe_recompile pc=0x000001e831d3baa4 method=java.util.HashMap.putVal(ILjava/lang/Object;Ljava/lang/Object;ZZ)Ljava/lang/Object; @ 56 c2
Event: 0.376 Thread 0x000001e826b8c190 DEOPT PACKING pc=0x000001e831d3baa4 sp=0x0000006d4ebfd180
Event: 0.376 Thread 0x000001e826b8c190 DEOPT UNPACKING pc=0x000001e82a2a5c23 sp=0x0000006d4ebfd0f8 mode 2
Event: 0.376 Thread 0x000001e826b8c190 Uncommon trap: trap_request=0xffffffde fr.pc=0x000001e831d3baa4 relative=0x0000000000000c24
Event: 0.376 Thread 0x000001e826b8c190 Uncommon trap: reason=class_check action=maybe_recompile pc=0x000001e831d3baa4 method=java.util.HashMap.putVal(ILjava/lang/Object;Ljava/lang/Object;ZZ)Ljava/lang/Object; @ 56 c2
Event: 0.376 Thread 0x000001e826b8c190 DEOPT PACKING pc=0x000001e831d3baa4 sp=0x0000006d4ebfd180
Event: 0.376 Thread 0x000001e826b8c190 DEOPT UNPACKING pc=0x000001e82a2a5c23 sp=0x0000006d4ebfd0f8 mode 2
Event: 0.376 Thread 0x000001e826b8c190 Uncommon trap: trap_request=0xffffffde fr.pc=0x000001e831d3baa4 relative=0x0000000000000c24
Event: 0.376 Thread 0x000001e826b8c190 Uncommon trap: reason=class_check action=maybe_recompile pc=0x000001e831d3baa4 method=java.util.HashMap.putVal(ILjava/lang/Object;Ljava/lang/Object;ZZ)Ljava/lang/Object; @ 56 c2
Event: 0.376 Thread 0x000001e826b8c190 DEOPT PACKING pc=0x000001e831d3baa4 sp=0x0000006d4ebfd180
Event: 0.376 Thread 0x000001e826b8c190 DEOPT UNPACKING pc=0x000001e82a2a5c23 sp=0x0000006d4ebfd0f8 mode 2

Classes unloaded (0 events):
No events

Classes redefined (0 events):
No events

Internal exceptions (9 events):
Event: 0.107 Thread 0x000001e826b8c190 Exception <a 'sun/nio/fs/WindowsException'{0x000000071493b050}> (0x000000071493b050) 
thrown [e:\jenkins\tmp\workspace\build\src\src\hotspot\share\prims\jni.cpp, line 516]
Event: 0.107 Thread 0x000001e826b8c190 Exception <a 'sun/nio/fs/WindowsException'{0x000000071493b580}> (0x000000071493b580) 
thrown [e:\jenkins\tmp\workspace\build\src\src\hotspot\share\prims\jni.cpp, line 516]
Event: 0.181 Thread 0x000001e826b8c190 Exception <a 'java/lang/NoSuchMethodError'{0x00000007143b3170}: 'java.lang.Object java.lang.invoke.DirectMethodHandle$Holder.invokeStaticInit(java.lang.Object)'> (0x00000007143b3170) 
thrown [e:\jenkins\tmp\workspace\build\src\src\hotspot\share\interpreter\linkResolver.cpp, line 766]
Event: 0.184 Thread 0x000001e826b8c190 Exception <a 'java/lang/NoSuchMethodError'{0x00000007143bad80}: 'void java.lang.invoke.DirectMethodHandle$Holder.invokeStatic(java.lang.Object, java.lang.Object)'> (0x00000007143bad80) 
thrown [e:\jenkins\tmp\workspace\build\src\src\hotspot\share\interpreter\linkResolver.cpp, line 766]
Event: 0.285 Thread 0x000001e826b8c190 Exception <a 'java/lang/NoSuchMethodError'{0x0000000713ecc568}: 'void java.lang.invoke.DirectMethodHandle$Holder.invokeSpecial(java.lang.Object, java.lang.Object, java.lang.Object)'> (0x0000000713ecc568) 
thrown [e:\jenkins\tmp\workspace\build\src\src\hotspot\share\interpreter\linkResolver.cpp, line 766]
Event: 0.293 Thread 0x000001e826b8c190 Exception <a 'java/lang/NoSuchMethodError'{0x0000000713f035f8}: 'void java.lang.invoke.DirectMethodHandle$Holder.invokeStatic(java.lang.Object, java.lang.Object, java.lang.Object)'> (0x0000000713f035f8) 
thrown [e:\jenkins\tmp\workspace\build\src\src\hotspot\share\interpreter\linkResolver.cpp, line 766]
Event: 0.369 Thread 0x000001e826b8c190 Exception <a 'java/lang/NoSuchMethodError'{0x0000000713f200c0}: 'int java.lang.invoke.DirectMethodHandle$Holder.invokeStaticInit(java.lang.Object, java.lang.Object, java.lang.Object)'> (0x0000000713f200c0) 
thrown [e:\jenkins\tmp\workspace\build\src\src\hotspot\share\interpreter\linkResolver.cpp, line 766]
Event: 0.409 Thread 0x000001e826b8c190 Exception <a 'java/lang/NoSuchMethodError'{0x0000000713c44c48}: 'java.lang.Object java.lang.invoke.DirectMethodHandle$Holder.newInvokeSpecial(java.lang.Object, java.lang.Object, int, java.lang.Object)'> (0x0000000713c44c48) 
thrown [e:\jenkins\tmp\workspace\build\src\src\hotspot\share\interpreter\linkResolver.cpp, line 766]
Event: 0.410 Thread 0x000001e826b8c190 Exception <a 'java/lang/NoSuchMethodError'{0x0000000713c49028}: 'java.lang.Object java.lang.invoke.DirectMethodHandle$Holder.invokeSpecial(java.lang.Object, java.lang.Object, java.lang.Object, int, java.lang.Object)'> (0x0000000713c49028) 
thrown [e:\jenkins\tmp\workspace\build\src\src\hotspot\share\interpreter\linkResolver.cpp, line 766]

VM Operations (4 events):
Event: 0.160 Executing VM operation: HandshakeAllThreads
Event: 0.160 Executing VM operation: HandshakeAllThreads done
Event: 0.376 Executing VM operation: HandshakeAllThreads
Event: 0.376 Executing VM operation: HandshakeAllThreads done

Events (20 events):
Event: 0.407 loading class java/util/concurrent/BlockingDeque
Event: 0.407 loading class java/util/concurrent/BlockingDeque done
Event: 0.407 loading class java/util/concurrent/LinkedBlockingDeque
Event: 0.408 loading class java/util/concurrent/LinkedBlockingDeque done
Event: 0.408 Thread 0x000001e84677a280 Thread added: 0x000001e84677a280
Event: 0.411 Thread 0x000001e84658c840 Thread added: 0x000001e84658c840
Event: 0.415 loading class java/util/Collections$UnmodifiableList
Event: 0.415 loading class java/util/Collections$UnmodifiableList done
Event: 0.415 loading class java/util/Collections$UnmodifiableRandomAccessList
Event: 0.415 loading class java/util/Collections$UnmodifiableRandomAccessList done
Event: 0.416 loading class java/util/concurrent/FutureTask
Event: 0.416 loading class java/util/concurrent/FutureTask done
Event: 0.417 loading class java/util/concurrent/CancellationException
Event: 0.417 loading class java/util/concurrent/CancellationException done
Event: 0.417 loading class java/util/concurrent/ExecutionException
Event: 0.417 loading class java/util/concurrent/ExecutionException done
Event: 0.417 loading class java/util/concurrent/FutureTask$WaitNode
Event: 0.417 loading class java/util/concurrent/FutureTask$WaitNode done
Event: 0.417 loading class java/util/concurrent/Executors$RunnableAdapter
Event: 0.417 loading class java/util/concurrent/Executors$RunnableAdapter done


Dynamic libraries:
0x00007ff717470000 - 0x00007ff71747e000 	C:\Eclipse\Eclipse Java\plugins\org.eclipse.justj.openjdk.hotspot.jre.full.win32.x86_64_17.0.2.v20220201-1208\jre\bin\javaw.exe
0x00007fffc39f0000 - 0x00007fffc3be8000 	C:\Windows\SYSTEM32\ntdll.dll
0x00007fffc2210000 - 0x00007fffc22cf000 	C:\Windows\System32\KERNEL32.DLL
0x00007fffc1100000 - 0x00007fffc13da000 	C:\Windows\System32\KERNELBASE.dll
0x00007fffc1730000 - 0x00007fffc1830000 	C:\Windows\System32\ucrtbase.dll
0x00007fffb7850000 - 0x00007fffb7869000 	C:\Eclipse\Eclipse Java\plugins\org.eclipse.justj.openjdk.hotspot.jre.full.win32.x86_64_17.0.2.v20220201-1208\jre\bin\VCRUNTIME140.dll
0x00007fffb6970000 - 0x00007fffb6988000 	C:\Eclipse\Eclipse Java\plugins\org.eclipse.justj.openjdk.hotspot.jre.full.win32.x86_64_17.0.2.v20220201-1208\jre\bin\jli.dll
0x00007fffc1d10000 - 0x00007fffc1ead000 	C:\Windows\System32\USER32.dll
0x00007fffc1700000 - 0x00007fffc1722000 	C:\Windows\System32\win32u.dll
0x00007fffa20a0000 - 0x00007fffa233a000 	C:\Windows\WinSxS\amd64_microsoft.windows.common-controls_6595b64144ccf1df_6.0.19041.1110_none_60b5254171f9507e\COMCTL32.dll
0x00007fffc1eb0000 - 0x00007fffc1edb000 	C:\Windows\System32\GDI32.dll
0x00007fffc2660000 - 0x00007fffc26fe000 	C:\Windows\System32\msvcrt.dll
0x00007fffc15f0000 - 0x00007fffc1700000 	C:\Windows\System32\gdi32full.dll
0x00007fffc1550000 - 0x00007fffc15ed000 	C:\Windows\System32\msvcp_win.dll
0x00007fffc34a0000 - 0x00007fffc34d0000 	C:\Windows\System32\IMM32.DLL
0x00007fffba1f0000 - 0x00007fffba1fc000 	C:\Eclipse\Eclipse Java\plugins\org.eclipse.justj.openjdk.hotspot.jre.full.win32.x86_64_17.0.2.v20220201-1208\jre\bin\vcruntime140_1.dll
0x00007fff8d9d0000 - 0x00007fff8da61000 	C:\Eclipse\Eclipse Java\plugins\org.eclipse.justj.openjdk.hotspot.jre.full.win32.x86_64_17.0.2.v20220201-1208\jre\bin\msvcp140.dll
0x00007fff3cae0000 - 0x00007fff3d727000 	C:\Eclipse\Eclipse Java\plugins\org.eclipse.justj.openjdk.hotspot.jre.full.win32.x86_64_17.0.2.v20220201-1208\jre\bin\server\jvm.dll
0x00007fffc2ca0000 - 0x00007fffc2d4e000 	C:\Windows\System32\ADVAPI32.dll
0x00007fffc1c70000 - 0x00007fffc1d0c000 	C:\Windows\System32\sechost.dll
0x00007fffc2a90000 - 0x00007fffc2bb6000 	C:\Windows\System32\RPCRT4.dll
0x00007fffc25e0000 - 0x00007fffc25e8000 	C:\Windows\System32\PSAPI.DLL
0x00007fffb78e0000 - 0x00007fffb78e9000 	C:\Windows\SYSTEM32\WSOCK32.dll
0x00007fffb5660000 - 0x00007fffb566a000 	C:\Windows\SYSTEM32\VERSION.dll
0x00007fffa1e50000 - 0x00007fffa1e77000 	C:\Windows\SYSTEM32\WINMM.dll
0x00007fffc3940000 - 0x00007fffc39ab000 	C:\Windows\System32\WS2_32.dll
0x00007fffbf950000 - 0x00007fffbf962000 	C:\Windows\SYSTEM32\kernel.appcore.dll
0x00007fffb9f90000 - 0x00007fffb9f9a000 	C:\Eclipse\Eclipse Java\plugins\org.eclipse.justj.openjdk.hotspot.jre.full.win32.x86_64_17.0.2.v20220201-1208\jre\bin\jimage.dll
0x00007fffbeed0000 - 0x00007fffbf0b4000 	C:\Windows\SYSTEM32\DBGHELP.DLL
0x00007fffa2760000 - 0x00007fffa2794000 	C:\Windows\SYSTEM32\dbgcore.DLL
0x00007fffc1410000 - 0x00007fffc1492000 	C:\Windows\System32\bcryptPrimitives.dll
0x00007fffa38c0000 - 0x00007fffa38e5000 	C:\Eclipse\Eclipse Java\plugins\org.eclipse.justj.openjdk.hotspot.jre.full.win32.x86_64_17.0.2.v20220201-1208\jre\bin\java.dll
0x00007fffb9f70000 - 0x00007fffb9f88000 	C:\Eclipse\Eclipse Java\plugins\org.eclipse.justj.openjdk.hotspot.jre.full.win32.x86_64_17.0.2.v20220201-1208\jre\bin\zip.dll
0x00007fffc2d50000 - 0x00007fffc3494000 	C:\Windows\System32\SHELL32.dll
0x00007fffbf0c0000 - 0x00007fffbf853000 	C:\Windows\SYSTEM32\windows.storage.dll
0x00007fffc2730000 - 0x00007fffc2a84000 	C:\Windows\System32\combase.dll
0x00007fffc0b60000 - 0x00007fffc0b8e000 	C:\Windows\SYSTEM32\Wldp.dll
0x00007fffc1bc0000 - 0x00007fffc1c6d000 	C:\Windows\System32\SHCORE.dll
0x00007fffc2bc0000 - 0x00007fffc2c15000 	C:\Windows\System32\shlwapi.dll
0x00007fffc1040000 - 0x00007fffc105f000 	C:\Windows\SYSTEM32\profapi.dll
0x00007fffa61c0000 - 0x00007fffa61d9000 	C:\Eclipse\Eclipse Java\plugins\org.eclipse.justj.openjdk.hotspot.jre.full.win32.x86_64_17.0.2.v20220201-1208\jre\bin\net.dll
0x00007fffb8230000 - 0x00007fffb833a000 	C:\Windows\SYSTEM32\WINHTTP.dll
0x00007fffc08c0000 - 0x00007fffc092a000 	C:\Windows\system32\mswsock.dll
0x00007fffa6150000 - 0x00007fffa6165000 	C:\Eclipse\Eclipse Java\plugins\org.eclipse.justj.openjdk.hotspot.jre.full.win32.x86_64_17.0.2.v20220201-1208\jre\bin\nio.dll
0x000001e824b50000 - 0x000001e824b53000 	C:\Divers\openjfx-18.0.2_windows-x64_bin-sdk\javafx-sdk-18.0.2\bin\api-ms-win-core-console-l1-1-0.dll
0x000001e824b60000 - 0x000001e824b63000 	C:\Divers\openjfx-18.0.2_windows-x64_bin-sdk\javafx-sdk-18.0.2\bin\api-ms-win-core-console-l1-2-0.dll
0x000001e824b70000 - 0x000001e824b73000 	C:\Divers\openjfx-18.0.2_windows-x64_bin-sdk\javafx-sdk-18.0.2\bin\api-ms-win-core-datetime-l1-1-0.dll
0x000001e824b80000 - 0x000001e824b83000 	C:\Divers\openjfx-18.0.2_windows-x64_bin-sdk\javafx-sdk-18.0.2\bin\api-ms-win-core-debug-l1-1-0.dll
0x000001e824b90000 - 0x000001e824b93000 	C:\Divers\openjfx-18.0.2_windows-x64_bin-sdk\javafx-sdk-18.0.2\bin\api-ms-win-core-errorhandling-l1-1-0.dll
0x000001e824ba0000 - 0x000001e824ba4000 	C:\Divers\openjfx-18.0.2_windows-x64_bin-sdk\javafx-sdk-18.0.2\bin\api-ms-win-core-file-l1-1-0.dll
0x000001e824bb0000 - 0x000001e824bb3000 	C:\Divers\openjfx-18.0.2_windows-x64_bin-sdk\javafx-sdk-18.0.2\bin\api-ms-win-core-file-l1-2-0.dll
0x000001e826b30000 - 0x000001e826b33000 	C:\Divers\openjfx-18.0.2_windows-x64_bin-sdk\javafx-sdk-18.0.2\bin\api-ms-win-core-file-l2-1-0.dll
0x000001e826b40000 - 0x000001e826b43000 	C:\Divers\openjfx-18.0.2_windows-x64_bin-sdk\javafx-sdk-18.0.2\bin\api-ms-win-core-handle-l1-1-0.dll
0x000001e826b50000 - 0x000001e826b53000 	C:\Divers\openjfx-18.0.2_windows-x64_bin-sdk\javafx-sdk-18.0.2\bin\api-ms-win-core-heap-l1-1-0.dll
0x000001e826b60000 - 0x000001e826b63000 	C:\Divers\openjfx-18.0.2_windows-x64_bin-sdk\javafx-sdk-18.0.2\bin\api-ms-win-core-interlocked-l1-1-0.dll
0x000001e845650000 - 0x000001e845653000 	C:\Divers\openjfx-18.0.2_windows-x64_bin-sdk\javafx-sdk-18.0.2\bin\api-ms-win-core-libraryloader-l1-1-0.dll
0x000001e845780000 - 0x000001e845783000 	C:\Divers\openjfx-18.0.2_windows-x64_bin-sdk\javafx-sdk-18.0.2\bin\api-ms-win-core-localization-l1-2-0.dll
0x000001e845660000 - 0x000001e845663000 	C:\Divers\openjfx-18.0.2_windows-x64_bin-sdk\javafx-sdk-18.0.2\bin\api-ms-win-core-memory-l1-1-0.dll
0x000001e845670000 - 0x000001e845673000 	C:\Divers\openjfx-18.0.2_windows-x64_bin-sdk\javafx-sdk-18.0.2\bin\api-ms-win-core-namedpipe-l1-1-0.dll
0x000001e845680000 - 0x000001e845683000 	C:\Divers\openjfx-18.0.2_windows-x64_bin-sdk\javafx-sdk-18.0.2\bin\api-ms-win-core-processenvironment-l1-1-0.dll
0x000001e845690000 - 0x000001e845693000 	C:\Divers\openjfx-18.0.2_windows-x64_bin-sdk\javafx-sdk-18.0.2\bin\api-ms-win-core-processthreads-l1-1-0.dll
0x000001e8456a0000 - 0x000001e8456a3000 	C:\Divers\openjfx-18.0.2_windows-x64_bin-sdk\javafx-sdk-18.0.2\bin\api-ms-win-core-processthreads-l1-1-1.dll
0x000001e8456b0000 - 0x000001e8456b3000 	C:\Divers\openjfx-18.0.2_windows-x64_bin-sdk\javafx-sdk-18.0.2\bin\api-ms-win-core-profile-l1-1-0.dll
0x000001e8456c0000 - 0x000001e8456c3000 	C:\Divers\openjfx-18.0.2_windows-x64_bin-sdk\javafx-sdk-18.0.2\bin\api-ms-win-core-rtlsupport-l1-1-0.dll
0x000001e8456d0000 - 0x000001e8456d3000 	C:\Divers\openjfx-18.0.2_windows-x64_bin-sdk\javafx-sdk-18.0.2\bin\api-ms-win-core-string-l1-1-0.dll
0x000001e8456e0000 - 0x000001e8456e3000 	C:\Divers\openjfx-18.0.2_windows-x64_bin-sdk\javafx-sdk-18.0.2\bin\api-ms-win-core-synch-l1-1-0.dll
0x000001e8456f0000 - 0x000001e8456f3000 	C:\Divers\openjfx-18.0.2_windows-x64_bin-sdk\javafx-sdk-18.0.2\bin\api-ms-win-core-synch-l1-2-0.dll
0x000001e845700000 - 0x000001e845703000 	C:\Divers\openjfx-18.0.2_windows-x64_bin-sdk\javafx-sdk-18.0.2\bin\api-ms-win-core-sysinfo-l1-1-0.dll
0x000001e845710000 - 0x000001e845713000 	C:\Divers\openjfx-18.0.2_windows-x64_bin-sdk\javafx-sdk-18.0.2\bin\api-ms-win-core-timezone-l1-1-0.dll
0x000001e845720000 - 0x000001e845723000 	C:\Divers\openjfx-18.0.2_windows-x64_bin-sdk\javafx-sdk-18.0.2\bin\api-ms-win-core-util-l1-1-0.dll
0x000001e845730000 - 0x000001e845733000 	C:\Divers\openjfx-18.0.2_windows-x64_bin-sdk\javafx-sdk-18.0.2\bin\api-ms-win-crt-conio-l1-1-0.dll
0x000001e845740000 - 0x000001e845744000 	C:\Divers\openjfx-18.0.2_windows-x64_bin-sdk\javafx-sdk-18.0.2\bin\api-ms-win-crt-convert-l1-1-0.dll
0x000001e845750000 - 0x000001e845753000 	C:\Divers\openjfx-18.0.2_windows-x64_bin-sdk\javafx-sdk-18.0.2\bin\api-ms-win-crt-environment-l1-1-0.dll
0x000001e845760000 - 0x000001e845763000 	C:\Divers\openjfx-18.0.2_windows-x64_bin-sdk\javafx-sdk-18.0.2\bin\api-ms-win-crt-filesystem-l1-1-0.dll
0x000001e845770000 - 0x000001e845773000 	C:\Divers\openjfx-18.0.2_windows-x64_bin-sdk\javafx-sdk-18.0.2\bin\api-ms-win-crt-heap-l1-1-0.dll
0x000001e845790000 - 0x000001e845793000 	C:\Divers\openjfx-18.0.2_windows-x64_bin-sdk\javafx-sdk-18.0.2\bin\api-ms-win-crt-locale-l1-1-0.dll
0x000001e8457a0000 - 0x000001e8457a5000 	C:\Divers\openjfx-18.0.2_windows-x64_bin-sdk\javafx-sdk-18.0.2\bin\api-ms-win-crt-math-l1-1-0.dll
0x000001e8457b0000 - 0x000001e8457b5000 	C:\Divers\openjfx-18.0.2_windows-x64_bin-sdk\javafx-sdk-18.0.2\bin\api-ms-win-crt-multibyte-l1-1-0.dll
0x000001e8457c0000 - 0x000001e8457d0000 	C:\Divers\openjfx-18.0.2_windows-x64_bin-sdk\javafx-sdk-18.0.2\bin\api-ms-win-crt-private-l1-1-0.dll
0x000001e8457d0000 - 0x000001e8457d3000 	C:\Divers\openjfx-18.0.2_windows-x64_bin-sdk\javafx-sdk-18.0.2\bin\api-ms-win-crt-process-l1-1-0.dll
0x000001e8457e0000 - 0x000001e8457e4000 	C:\Divers\openjfx-18.0.2_windows-x64_bin-sdk\javafx-sdk-18.0.2\bin\api-ms-win-crt-runtime-l1-1-0.dll
0x000001e8457f0000 - 0x000001e8457f4000 	C:\Divers\openjfx-18.0.2_windows-x64_bin-sdk\javafx-sdk-18.0.2\bin\api-ms-win-crt-stdio-l1-1-0.dll
0x000001e847bd0000 - 0x000001e847bd4000 	C:\Divers\openjfx-18.0.2_windows-x64_bin-sdk\javafx-sdk-18.0.2\bin\api-ms-win-crt-string-l1-1-0.dll
0x000001e847be0000 - 0x000001e847be3000 	C:\Divers\openjfx-18.0.2_windows-x64_bin-sdk\javafx-sdk-18.0.2\bin\api-ms-win-crt-time-l1-1-0.dll
0x000001e847bf0000 - 0x000001e847bf3000 	C:\Divers\openjfx-18.0.2_windows-x64_bin-sdk\javafx-sdk-18.0.2\bin\api-ms-win-crt-utility-l1-1-0.dll
0x00007fff8a910000 - 0x00007fff8aa0c000 	C:\Divers\openjfx-18.0.2_windows-x64_bin-sdk\javafx-sdk-18.0.2\bin\ucrtbase.dll
0x00007fffb6930000 - 0x00007fffb694a000 	C:\Divers\openjfx-18.0.2_windows-x64_bin-sdk\javafx-sdk-18.0.2\bin\vcruntime140.dll
0x00007fffb8fa0000 - 0x00007fffb8fac000 	C:\Divers\openjfx-18.0.2_windows-x64_bin-sdk\javafx-sdk-18.0.2\bin\vcruntime140_1.dll
0x00007fff9e1c0000 - 0x00007fff9e24d000 	C:\Divers\openjfx-18.0.2_windows-x64_bin-sdk\javafx-sdk-18.0.2\bin\msvcp140.dll
0x00007fffa60d0000 - 0x00007fffa60fc000 	C:\Divers\openjfx-18.0.2_windows-x64_bin-sdk\javafx-sdk-18.0.2\bin\prism_d3d.dll
0x00007fff5bfd0000 - 0x00007fff5c19d000 	C:\Windows\system32\d3d9.dll
0x00007fffbe8f0000 - 0x00007fffbe91f000 	C:\Windows\SYSTEM32\dwmapi.dll
0x00007fffbe510000 - 0x00007fffbe5ae000 	C:\Windows\system32\uxtheme.dll
0x00007fff9b120000 - 0x00007fff9b2c5000 	C:\Windows\System32\DriverStore\FileRepository\iigd_dch.inf_amd64_5d2ade6d9728c861\igdumdim64.dll
0x00007fffc22d0000 - 0x00007fffc23fa000 	C:\Windows\System32\ole32.dll
0x00007fff2bec0000 - 0x00007fff2f662000 	C:\Windows\System32\DriverStore\FileRepository\iigd_dch.inf_amd64_5d2ade6d9728c861\igd9dxva64.dll
0x00007fffc24b0000 - 0x00007fffc257d000 	C:\Windows\System32\OLEAUT32.dll
0x00007fffc34d0000 - 0x00007fffc3938000 	C:\Windows\System32\SETUPAPI.dll
0x00007fffc18a0000 - 0x00007fffc18ee000 	C:\Windows\System32\cfgmgr32.dll
0x00007fffc13e0000 - 0x00007fffc1407000 	C:\Windows\System32\bcrypt.dll
0x00007fff9e910000 - 0x00007fff9ed25000 	C:\Windows\System32\DriverStore\FileRepository\iigd_dch.inf_amd64_5d2ade6d9728c861\igdgmm64.dll
0x00007fffa6010000 - 0x00007fffa6052000 	C:\Divers\openjfx-18.0.2_windows-x64_bin-sdk\javafx-sdk-18.0.2\bin\glass.dll
0x00007fffc1a50000 - 0x00007fffc1b2a000 	C:\Windows\System32\COMDLG32.dll
0x00007fffc1ee0000 - 0x00007fffc1ff4000 	C:\Windows\System32\MSCTF.dll

dbghelp: loaded successfully - version: 4.0.5 - missing functions: none
symbol engine: initialized successfully - sym options: 0x614 - pdb path: .;C:\Eclipse\Eclipse Java\plugins\org.eclipse.justj.openjdk.hotspot.jre.full.win32.x86_64_17.0.2.v20220201-1208\jre\bin;C:\Windows\SYSTEM32;C:\Windows\WinSxS\amd64_microsoft.windows.common-controls_6595b64144ccf1df_6.0.19041.1110_none_60b5254171f9507e;C:\Eclipse\Eclipse Java\plugins\org.eclipse.justj.openjdk.hotspot.jre.full.win32.x86_64_17.0.2.v20220201-1208\jre\bin\server;C:\Divers\openjfx-18.0.2_windows-x64_bin-sdk\javafx-sdk-18.0.2\bin;C:\Windows\System32\DriverStore\FileRepository\iigd_dch.inf_amd64_5d2ade6d9728c861

VM Arguments:
jvm_args: --module-path=C:\Divers\openjfx-18.0.2_windows-x64_bin-sdk\javafx-sdk-18.0.2\lib --add-modules=javafx.controls,javafx.fxml -Dfile.encoding=Cp1252 -XX:+ShowCodeDetailsInExceptionMessages 
java_command: com.cytech.Main.Main
java_class_path (initial): H:\Documents\GitHub\JavaPrro\target\classes;C:\Divers\openjfx-18.0.2_windows-x64_bin-sdk\javafx-sdk-18.0.2\lib\javafx.base.jar;C:\Divers\openjfx-18.0.2_windows-x64_bin-sdk\javafx-sdk-18.0.2\lib\javafx.controls.jar;C:\Divers\openjfx-18.0.2_windows-x64_bin-sdk\javafx-sdk-18.0.2\lib\javafx.fxml.jar;C:\Divers\openjfx-18.0.2_windows-x64_bin-sdk\javafx-sdk-18.0.2\lib\javafx.graphics.jar;C:\Divers\openjfx-18.0.2_windows-x64_bin-sdk\javafx-sdk-18.0.2\lib\javafx.media.jar;C:\Divers\openjfx-18.0.2_windows-x64_bin-sdk\javafx-sdk-18.0.2\lib\javafx.swing.jar;C:\Divers\openjfx-18.0.2_windows-x64_bin-sdk\javafx-sdk-18.0.2\lib\javafx.web.jar;C:\Divers\openjfx-18.0.2_windows-x64_bin-sdk\javafx-sdk-18.0.2\lib\javafx-swt.jar
Launcher Type: SUN_STANDARD

[Global flags]
     intx CICompilerCount                          = 4                                         {product} {ergonomic}
     uint ConcGCThreads                            = 2                                         {product} {ergonomic}
     uint G1ConcRefinementThreads                  = 8                                         {product} {ergonomic}
   size_t G1HeapRegionSize                         = 2097152                                   {product} {ergonomic}
    uintx GCDrainStackTargetSize                   = 64                                        {product} {ergonomic}
   size_t InitialHeapSize                          = 264241152                                 {product} {ergonomic}
   size_t MarkStackSize                            = 4194304                                   {product} {ergonomic}
   size_t MaxHeapSize                              = 4213178368                                {product} {ergonomic}
   size_t MaxNewSize                               = 2527068160                                {product} {ergonomic}
   size_t MinHeapDeltaBytes                        = 2097152                                   {product} {ergonomic}
   size_t MinHeapSize                              = 8388608                                   {product} {ergonomic}
    uintx NonNMethodCodeHeapSize                   = 5839372                                {pd product} {ergonomic}
    uintx NonProfiledCodeHeapSize                  = 122909434                              {pd product} {ergonomic}
    uintx ProfiledCodeHeapSize                     = 122909434                              {pd product} {ergonomic}
    uintx ReservedCodeCacheSize                    = 251658240                              {pd product} {ergonomic}
     bool SegmentedCodeCache                       = true                                      {product} {ergonomic}
     bool ShowCodeDetailsInExceptionMessages       = true                                   {manageable} {command line}
   size_t SoftMaxHeapSize                          = 4213178368                             {manageable} {ergonomic}
     bool UseCompressedClassPointers               = true                           {product lp64_product} {ergonomic}
     bool UseCompressedOops                        = true                           {product lp64_product} {ergonomic}
     bool UseG1GC                                  = true                                      {product} {ergonomic}
     bool UseLargePagesIndividualAllocation        = false                                  {pd product} {ergonomic}

Logging:
Log output configuration:
 #0: stdout all=warning uptime,level,tags
 #1: stderr all=off uptime,level,tags

Environment Variables:
PATH=C:/Eclipse/Eclipse Java//plugins/org.eclipse.justj.openjdk.hotspot.jre.full.win32.x86_64_17.0.2.v20220201-1208/jre/bin/server;C:/Eclipse/Eclipse Java//plugins/org.eclipse.justj.openjdk.hotspot.jre.full.win32.x86_64_17.0.2.v20220201-1208/jre/bin;C:\Program Files\Common Files\Oracle\Java\javapath;C:\Windows\system32;C:\Windows;C:\Windows\System32\Wbem;C:\Windows\System32\WindowsPowerShell\v1.0\;C:\Windows\System32\OpenSSH\;C:\Program Files\PuTTY\;C:\Program Files\MATLAB\R2020a\bin;C:\Program Files\Git\cmd;C:\Program Files\MySQL\MySQL Shell 8.0\bin\;C:\Users\CYTech Student\AppData\Local\Microsoft\WindowsApps;C:\Users\CYTech Student\AppData\Local\GitHubDesktop\bin;C:\Users\CYTech Student\AppData\Local\Programs\Microsoft VS Code\bin;C:\Eclipse\Eclipse Java;
USERNAME=CYTech Student
OS=Windows_NT
PROCESSOR_IDENTIFIER=Intel64 Family 6 Model 140 Stepping 1, GenuineIntel



---------------  S Y S T E M  ---------------

OS:
 Windows 10 , 64 bit Build 19041 (10.0.19041.2788)
OS uptime: 0 days 14:25 hours

CPU: total 8 (initial active 8) (4 cores per cpu, 2 threads per core) family 6 model 140 stepping 1 microcode 0xa6, cx8, cmov, fxsr, ht, mmx, 3dnowpref, sse, sse2, sse3, ssse3, sse4.1, sse4.2, popcnt, lzcnt, tsc, tscinvbit, avx, avx2, aes, erms, clmul, bmi1, bmi2, adx, avx512f, avx512dq, avx512cd, avx512bw, avx512vl, sha, fma, vzeroupper, avx512_vpopcntdq, avx512_vpclmulqdq, avx512_vaes, avx512_vnni, clflush, clflushopt, clwb, avx512_vbmi2, avx512_vbmi

Memory: 4k page, system-wide physical 16064M (6184M free)
TotalPageFile size 31424M (AvailPageFile size 2M)
current process WorkingSet (physical memory assigned to process): 72M, peak: 72M
current process commit charge ("private bytes"): 370M, peak: 374M

vm_info: OpenJDK 64-Bit Server VM (17.0.2+8) for windows-amd64 JRE (17.0.2+8), built on Jan 20 2022 04:52:34 by "" with MS VC++ 16.7 (VS2019)

END.
