#
# There is insufficient memory for the Java Runtime Environment to continue.
# Native memory allocation (mmap) failed to map 264241152 bytes for G1 virtual space
# Possible reasons:
#   The system is out of physical RAM or swap space
#   The process is running with CompressedOops enabled, and the Java Heap may be blocking the growth of the native heap
# Possible solutions:
#   Reduce memory load on the system
#   Increase physical memory or swap space
#   Check if swap backing store is full
#   Decrease Java heap size (-Xmx/-Xms)
#   Decrease number of Java threads
#   Decrease Java thread stack sizes (-Xss)
#   Set larger code cache with -XX:ReservedCodeCacheSize=
#   JVM is running with Zero Based Compressed Oops mode in which the Java heap is
#     placed in the first 32GB address space. The Java Heap base address is the
#     maximum limit for the native heap growth. Please use -XX:HeapBaseMinAddress
#     to set the Java Heap base and to place the Java Heap above 32GB virtual address.
# This output file may be truncated or incomplete.
#
#  Out of Memory Error (os_windows.cpp:3532), pid=14456, tid=992
#
# JRE version:  (17.0.2+8) (build )
# Java VM: OpenJDK 64-Bit Server VM (17.0.2+8, mixed mode, sharing, tiered, compressed oops, compressed class ptrs, g1 gc, windows-amd64)
# No core dump will be written. Minidumps are not enabled by default on client versions of Windows
#

---------------  S U M M A R Y ------------

Command Line: --module-path=C:\Divers\openjfx-18.0.2_windows-x64_bin-sdk\javafx-sdk-18.0.2\lib --add-modules=javafx.controls,javafx.fxml -Dfile.encoding=Cp1252 -XX:+ShowCodeDetailsInExceptionMessages com.cytech.Main.Main

Host: 11th Gen Intel(R) Core(TM) i5-1135G7 @ 2.40GHz, 8 cores, 15G,  Windows 10 , 64 bit Build 19041 (10.0.19041.2788)
Time: Thu Apr 27 09:29:46 2023 Romance Daylight Time elapsed time: 0.021597 seconds (0d 0h 0m 0s)

---------------  T H R E A D  ---------------

Current thread (0x000001f8d9b7e090):  JavaThread "Unknown thread" [_thread_in_vm, id=992, stack(0x0000004699500000,0x0000004699600000)]

Stack: [0x0000004699500000,0x0000004699600000]
Native frames: (J=compiled Java code, j=interpreted, Vv=VM code, C=native code)
V  [jvm.dll+0x67564a]
V  [jvm.dll+0x82fc04]
V  [jvm.dll+0x8313ae]
V  [jvm.dll+0x831a13]
V  [jvm.dll+0x245235]
V  [jvm.dll+0x672539]
V  [jvm.dll+0x666e82]
V  [jvm.dll+0x30401b]
V  [jvm.dll+0x30b566]
V  [jvm.dll+0x35b1fe]
V  [jvm.dll+0x35b42f]
V  [jvm.dll+0x2daf58]
V  [jvm.dll+0x2dbec4]
V  [jvm.dll+0x801881]
V  [jvm.dll+0x368f81]
V  [jvm.dll+0x7e0cdc]
V  [jvm.dll+0x3eb8bf]
V  [jvm.dll+0x3ed441]
C  [jli.dll+0x5277]
C  [ucrtbase.dll+0x21bb2]
C  [KERNEL32.DLL+0x17604]
C  [ntdll.dll+0x526a1]


---------------  P R O C E S S  ---------------

Threads class SMR info:
_java_thread_list=0x00007fff83ea5e98, length=0, elements={
}

Java Threads: ( => current thread )

Other Threads:
  0x000001f8d9bccb30 GCTaskThread "GC Thread#0" [stack: 0x0000004699600000,0x0000004699700000] [id=12968]
  0x000001f8d9bddc20 ConcurrentGCThread "G1 Main Marker" [stack: 0x0000004699700000,0x0000004699800000] [id=12388]
  0x000001f8d9bdf540 ConcurrentGCThread "G1 Conc#0" [stack: 0x0000004699800000,0x0000004699900000] [id=18768]

[error occurred during error reporting (printing all threads), id 0xc0000005, EXCEPTION_ACCESS_VIOLATION (0xc0000005) at pc=0x00007fff8367b9d7]

VM state: not at safepoint (not fully initialized)

VM Mutex/Monitor currently owned by a thread:  ([mutex/lock_event])
[0x000001f8d9b7b0e0] Heap_lock - owner thread: 0x000001f8d9b7e090

Heap address: 0x0000000704e00000, size: 4018 MB, Compressed Oops mode: Zero based, Oop shift amount: 3

CDS archive(s) mapped at: [0x0000000000000000-0x0000000000000000-0x0000000000000000), size 0, SharedBaseAddress: 0x0000000800000000, ArchiveRelocationMode: 0.
Narrow klass base: 0x0000000000000000, Narrow klass shift: 0, Narrow klass range: 0x0

GC Precious Log:
<Empty>

Heap:
 garbage-first heap   total 0K, used 0K [0x0000000704e00000, 0x0000000800000000)
  region size 2048K, 0 young (0K), 0 survivors (0K)

[error occurred during error reporting (printing heap information), id 0xc0000005, EXCEPTION_ACCESS_VIOLATION (0xc0000005) at pc=0x00007fff83a5e899]

GC Heap History (0 events):
No events

Deoptimization events (0 events):
No events

Classes unloaded (0 events):
No events

Classes redefined (0 events):
No events

Internal exceptions (0 events):
No events

VM Operations (0 events):
No events

Events (1 events):
Event: 0.008 Loaded shared library C:\Eclipse\Eclipse Java\plugins\org.eclipse.justj.openjdk.hotspot.jre.full.win32.x86_64_17.0.2.v20220201-1208\jre\bin\java.dll


Dynamic libraries:
0x00007ff717470000 - 0x00007ff71747e000 	C:\Eclipse\Eclipse Java\plugins\org.eclipse.justj.openjdk.hotspot.jre.full.win32.x86_64_17.0.2.v20220201-1208\jre\bin\javaw.exe
0x00007fffc39f0000 - 0x00007fffc3be8000 	C:\Windows\SYSTEM32\ntdll.dll
0x00007fffc2210000 - 0x00007fffc22cf000 	C:\Windows\System32\KERNEL32.DLL
0x00007fffc1100000 - 0x00007fffc13da000 	C:\Windows\System32\KERNELBASE.dll
0x00007fffc1730000 - 0x00007fffc1830000 	C:\Windows\System32\ucrtbase.dll
0x00007fff9bc60000 - 0x00007fff9bc79000 	C:\Eclipse\Eclipse Java\plugins\org.eclipse.justj.openjdk.hotspot.jre.full.win32.x86_64_17.0.2.v20220201-1208\jre\bin\VCRUNTIME140.dll
0x00007fff9b470000 - 0x00007fff9b488000 	C:\Eclipse\Eclipse Java\plugins\org.eclipse.justj.openjdk.hotspot.jre.full.win32.x86_64_17.0.2.v20220201-1208\jre\bin\jli.dll
0x00007fffc1d10000 - 0x00007fffc1ead000 	C:\Windows\System32\USER32.dll
0x00007fffc1700000 - 0x00007fffc1722000 	C:\Windows\System32\win32u.dll
0x00007fffa20a0000 - 0x00007fffa233a000 	C:\Windows\WinSxS\amd64_microsoft.windows.common-controls_6595b64144ccf1df_6.0.19041.1110_none_60b5254171f9507e\COMCTL32.dll
0x00007fffc1eb0000 - 0x00007fffc1edb000 	C:\Windows\System32\GDI32.dll
0x00007fffc2660000 - 0x00007fffc26fe000 	C:\Windows\System32\msvcrt.dll
0x00007fffc15f0000 - 0x00007fffc1700000 	C:\Windows\System32\gdi32full.dll
0x00007fffc1550000 - 0x00007fffc15ed000 	C:\Windows\System32\msvcp_win.dll
0x00007fffc34a0000 - 0x00007fffc34d0000 	C:\Windows\System32\IMM32.DLL
0x00007fffa63a0000 - 0x00007fffa63ac000 	C:\Eclipse\Eclipse Java\plugins\org.eclipse.justj.openjdk.hotspot.jre.full.win32.x86_64_17.0.2.v20220201-1208\jre\bin\vcruntime140_1.dll
0x00007fff8bca0000 - 0x00007fff8bd31000 	C:\Eclipse\Eclipse Java\plugins\org.eclipse.justj.openjdk.hotspot.jre.full.win32.x86_64_17.0.2.v20220201-1208\jre\bin\msvcp140.dll
0x00007fff83390000 - 0x00007fff83fd7000 	C:\Eclipse\Eclipse Java\plugins\org.eclipse.justj.openjdk.hotspot.jre.full.win32.x86_64_17.0.2.v20220201-1208\jre\bin\server\jvm.dll
0x00007fffc2ca0000 - 0x00007fffc2d4e000 	C:\Windows\System32\ADVAPI32.dll
0x00007fffc1c70000 - 0x00007fffc1d0c000 	C:\Windows\System32\sechost.dll
0x00007fffc2a90000 - 0x00007fffc2bb6000 	C:\Windows\System32\RPCRT4.dll
0x00007fffc25e0000 - 0x00007fffc25e8000 	C:\Windows\System32\PSAPI.DLL
0x00007fffa1e50000 - 0x00007fffa1e77000 	C:\Windows\SYSTEM32\WINMM.dll
0x00007fffb78e0000 - 0x00007fffb78e9000 	C:\Windows\SYSTEM32\WSOCK32.dll
0x00007fffc3940000 - 0x00007fffc39ab000 	C:\Windows\System32\WS2_32.dll
0x00007fffb5660000 - 0x00007fffb566a000 	C:\Windows\SYSTEM32\VERSION.dll
0x00007fffbf950000 - 0x00007fffbf962000 	C:\Windows\SYSTEM32\kernel.appcore.dll
0x00007fffba1f0000 - 0x00007fffba1fa000 	C:\Eclipse\Eclipse Java\plugins\org.eclipse.justj.openjdk.hotspot.jre.full.win32.x86_64_17.0.2.v20220201-1208\jre\bin\jimage.dll
0x00007fffbeed0000 - 0x00007fffbf0b4000 	C:\Windows\SYSTEM32\DBGHELP.DLL
0x00007fffa2760000 - 0x00007fffa2794000 	C:\Windows\SYSTEM32\dbgcore.DLL
0x00007fffc1410000 - 0x00007fffc1492000 	C:\Windows\System32\bcryptPrimitives.dll
0x00007fffa6150000 - 0x00007fffa6175000 	C:\Eclipse\Eclipse Java\plugins\org.eclipse.justj.openjdk.hotspot.jre.full.win32.x86_64_17.0.2.v20220201-1208\jre\bin\java.dll

dbghelp: loaded successfully - version: 4.0.5 - missing functions: none
symbol engine: initialized successfully - sym options: 0x614 - pdb path: .;C:\Eclipse\Eclipse Java\plugins\org.eclipse.justj.openjdk.hotspot.jre.full.win32.x86_64_17.0.2.v20220201-1208\jre\bin;C:\Windows\SYSTEM32;C:\Windows\WinSxS\amd64_microsoft.windows.common-controls_6595b64144ccf1df_6.0.19041.1110_none_60b5254171f9507e;C:\Eclipse\Eclipse Java\plugins\org.eclipse.justj.openjdk.hotspot.jre.full.win32.x86_64_17.0.2.v20220201-1208\jre\bin\server

VM Arguments:
jvm_args: --module-path=C:\Divers\openjfx-18.0.2_windows-x64_bin-sdk\javafx-sdk-18.0.2\lib --add-modules=javafx.controls,javafx.fxml -Dfile.encoding=Cp1252 -XX:+ShowCodeDetailsInExceptionMessages 
java_command: com.cytech.Main.Main
java_class_path (initial): H:\Documents\GitHub\JavaPrro\target\classes;C:\Divers\openjfx-18.0.2_windows-x64_bin-sdk\javafx-sdk-18.0.2\lib\javafx.base.jar;C:\Divers\openjfx-18.0.2_windows-x64_bin-sdk\javafx-sdk-18.0.2\lib\javafx.controls.jar;C:\Divers\openjfx-18.0.2_windows-x64_bin-sdk\javafx-sdk-18.0.2\lib\javafx.fxml.jar;C:\Divers\openjfx-18.0.2_windows-x64_bin-sdk\javafx-sdk-18.0.2\lib\javafx.graphics.jar;C:\Divers\openjfx-18.0.2_windows-x64_bin-sdk\javafx-sdk-18.0.2\lib\javafx.media.jar;C:\Divers\openjfx-18.0.2_windows-x64_bin-sdk\javafx-sdk-18.0.2\lib\javafx.swing.jar;C:\Divers\openjfx-18.0.2_windows-x64_bin-sdk\javafx-sdk-18.0.2\lib\javafx.web.jar;C:\Divers\openjfx-18.0.2_windows-x64_bin-sdk\javafx-sdk-18.0.2\lib\javafx-swt.jar
Launcher Type: SUN_STANDARD

[Global flags]
     intx CICompilerCount                          = 4                                         {product} {ergonomic}
     uint ConcGCThreads                            = 2                                         {product} {ergonomic}
     uint G1ConcRefinementThreads                  = 8                                         {product} {ergonomic}
   size_t G1HeapRegionSize                         = 2097152                                   {product} {ergonomic}
    uintx GCDrainStackTargetSize                   = 64                                        {product} {ergonomic}
   size_t InitialHeapSize                          = 264241152                                 {product} {ergonomic}
   size_t MarkStackSize                            = 4194304                                   {product} {ergonomic}
   size_t MaxHeapSize                              = 4213178368                                {product} {ergonomic}
   size_t MinHeapDeltaBytes                        = 2097152                                   {product} {ergonomic}
   size_t MinHeapSize                              = 8388608                                   {product} {ergonomic}
    uintx NonNMethodCodeHeapSize                   = 5839372                                {pd product} {ergonomic}
    uintx NonProfiledCodeHeapSize                  = 122909434                              {pd product} {ergonomic}
    uintx ProfiledCodeHeapSize                     = 122909434                              {pd product} {ergonomic}
    uintx ReservedCodeCacheSize                    = 251658240                              {pd product} {ergonomic}
     bool SegmentedCodeCache                       = true                                      {product} {ergonomic}
     bool ShowCodeDetailsInExceptionMessages       = true                                   {manageable} {command line}
   size_t SoftMaxHeapSize                          = 4213178368                             {manageable} {ergonomic}
     bool UseCompressedClassPointers               = true                           {product lp64_product} {ergonomic}
     bool UseCompressedOops                        = true                           {product lp64_product} {ergonomic}
     bool UseG1GC                                  = true                                      {product} {ergonomic}
     bool UseLargePagesIndividualAllocation        = false                                  {pd product} {ergonomic}

Logging:
Log output configuration:
 #0: stdout all=warning uptime,level,tags
 #1: stderr all=off uptime,level,tags

Environment Variables:
PATH=C:/Eclipse/Eclipse Java//plugins/org.eclipse.justj.openjdk.hotspot.jre.full.win32.x86_64_17.0.2.v20220201-1208/jre/bin/server;C:/Eclipse/Eclipse Java//plugins/org.eclipse.justj.openjdk.hotspot.jre.full.win32.x86_64_17.0.2.v20220201-1208/jre/bin;C:\Program Files\Common Files\Oracle\Java\javapath;C:\Windows\system32;C:\Windows;C:\Windows\System32\Wbem;C:\Windows\System32\WindowsPowerShell\v1.0\;C:\Windows\System32\OpenSSH\;C:\Program Files\PuTTY\;C:\Program Files\MATLAB\R2020a\bin;C:\Program Files\Git\cmd;C:\Program Files\MySQL\MySQL Shell 8.0\bin\;C:\Users\CYTech Student\AppData\Local\Microsoft\WindowsApps;C:\Users\CYTech Student\AppData\Local\GitHubDesktop\bin;C:\Users\CYTech Student\AppData\Local\Programs\Microsoft VS Code\bin;C:\Eclipse\Eclipse Java;
USERNAME=CYTech Student
OS=Windows_NT
PROCESSOR_IDENTIFIER=Intel64 Family 6 Model 140 Stepping 1, GenuineIntel



---------------  S Y S T E M  ---------------

OS:
 Windows 10 , 64 bit Build 19041 (10.0.19041.2788)
OS uptime: 0 days 14:26 hours

CPU: total 8 (initial active 8) (4 cores per cpu, 2 threads per core) family 6 model 140 stepping 1 microcode 0xa6, cx8, cmov, fxsr, ht, mmx, 3dnowpref, sse, sse2, sse3, ssse3, sse4.1, sse4.2, popcnt, lzcnt, tsc, tscinvbit, avx, avx2, aes, erms, clmul, bmi1, bmi2, adx, avx512f, avx512dq, avx512cd, avx512bw, avx512vl, sha, fma, vzeroupper, avx512_vpopcntdq, avx512_vpclmulqdq, avx512_vaes, avx512_vnni, clflush, clflushopt, clwb, avx512_vbmi2, avx512_vbmi

Memory: 4k page, system-wide physical 16064M (5841M free)
TotalPageFile size 31424M (AvailPageFile size 92M)
current process WorkingSet (physical memory assigned to process): 10M, peak: 10M
current process commit charge ("private bytes"): 60M, peak: 312M

vm_info: OpenJDK 64-Bit Server VM (17.0.2+8) for windows-amd64 JRE (17.0.2+8), built on Jan 20 2022 04:52:34 by "" with MS VC++ 16.7 (VS2019)

END.
